Failed to import Flash Attention, using ESPnet default: No module named 'flash_attn'
train=4818  val=466  batch=1  device=cuda
/home/joacoszterensus/miniconda3/envs/vsr-factors/lib/python3.8/site-packages/espnet2/asr/espnet_model.py:402: FutureWarning: `torch.cuda.amp.autocast(args...)` is deprecated. Please use `torch.amp.autocast('cuda', args...)` instead.
  with autocast(self.autocast_frontend, dtype=autocast_type):
ep1 it0/4818 loss=114.466
ep1 it100/4818 loss=48.490
ep1 it200/4818 loss=53.918
ep1 it300/4818 loss=85.579
ep1 it400/4818 loss=27.058
ep1 it500/4818 loss=59.825
ep1 it600/4818 loss=167.702
ep1 it700/4818 loss=94.372
ep1 it800/4818 loss=61.409
ep1 it900/4818 loss=87.259
ep1 it1000/4818 loss=54.648
ep1 it1100/4818 loss=30.075
ep1 it1200/4818 loss=59.892
ep1 it1300/4818 loss=91.234
ep1 it1400/4818 loss=59.758
ep1 it1500/4818 loss=88.748
ep1 it1600/4818 loss=141.036
ep1 it1700/4818 loss=75.850
ep1 it1800/4818 loss=68.614
ep1 it1900/4818 loss=117.666
ep1 it2000/4818 loss=42.897
ep1 it2100/4818 loss=40.518
ep1 it2200/4818 loss=43.309
ep1 it2300/4818 loss=135.877
ep1 it2400/4818 loss=53.003
ep1 it2500/4818 loss=95.941
ep1 it2600/4818 loss=86.123
ep1 it2700/4818 loss=27.911
ep1 it2800/4818 loss=74.355
ep1 it2900/4818 loss=66.761
ep1 it3000/4818 loss=57.968
ep1 it3100/4818 loss=19.551
ep1 it3200/4818 loss=71.916
ep1 it3300/4818 loss=118.186
ep1 it3400/4818 loss=65.666
ep1 it3500/4818 loss=95.418
ep1 it3600/4818 loss=132.321
ep1 it3700/4818 loss=46.091
ep1 it3800/4818 loss=39.674
ep1 it3900/4818 loss=45.370
ep1 it4000/4818 loss=52.832
ep1 it4100/4818 loss=63.416
ep1 it4200/4818 loss=61.832
ep1 it4300/4818 loss=89.976
ep1 it4400/4818 loss=30.617
ep1 it4500/4818 loss=66.256
ep1 it4600/4818 loss=51.861
ep1 it4700/4818 loss=50.122
ep1 it4800/4818 loss=33.384
== ep1 val_loss=52.9855 ==
  nuevo mejor (52.9855) -> best.pth
ep2 it0/4818 loss=71.347
ep2 it100/4818 loss=41.466
ep2 it200/4818 loss=81.445
ep2 it300/4818 loss=90.609
ep2 it400/4818 loss=54.220
ep2 it500/4818 loss=69.610
ep2 it600/4818 loss=26.295
ep2 it700/4818 loss=45.873
ep2 it800/4818 loss=43.318
ep2 it900/4818 loss=71.910
ep2 it1000/4818 loss=25.630
ep2 it1100/4818 loss=117.981
ep2 it1200/4818 loss=21.571
ep2 it1300/4818 loss=30.028
ep2 it1400/4818 loss=113.932
ep2 it1500/4818 loss=30.313
ep2 it1600/4818 loss=43.929
ep2 it1700/4818 loss=11.541
ep2 it1800/4818 loss=42.119
ep2 it1900/4818 loss=165.136
ep2 it2000/4818 loss=28.957
ep2 it2100/4818 loss=22.531
ep2 it2200/4818 loss=30.994
ep2 it2300/4818 loss=27.233
ep2 it2400/4818 loss=68.181
ep2 it2500/4818 loss=86.910
ep2 it2600/4818 loss=13.773
ep2 it2700/4818 loss=44.518
ep2 it2800/4818 loss=34.915
ep2 it2900/4818 loss=35.239
ep2 it3000/4818 loss=41.708
ep2 it3100/4818 loss=32.652
ep2 it3200/4818 loss=78.013
ep2 it3300/4818 loss=25.277
ep2 it3400/4818 loss=52.918
ep2 it3500/4818 loss=65.285
ep2 it3600/4818 loss=50.472
ep2 it3700/4818 loss=112.825
ep2 it3800/4818 loss=145.788
ep2 it3900/4818 loss=22.273
ep2 it4000/4818 loss=32.069
ep2 it4100/4818 loss=13.865
ep2 it4200/4818 loss=39.436
ep2 it4300/4818 loss=56.858
ep2 it4400/4818 loss=49.382
ep2 it4500/4818 loss=36.415
ep2 it4600/4818 loss=44.015
ep2 it4700/4818 loss=84.942
ep2 it4800/4818 loss=74.328
== ep2 val_loss=52.5409 ==
  nuevo mejor (52.5409) -> best.pth
ep3 it0/4818 loss=44.106
ep3 it100/4818 loss=64.939
ep3 it200/4818 loss=52.702
ep3 it300/4818 loss=31.863
ep3 it400/4818 loss=57.960
ep3 it500/4818 loss=22.472
ep3 it600/4818 loss=67.406
ep3 it700/4818 loss=37.529
ep3 it800/4818 loss=76.664
ep3 it900/4818 loss=23.892
ep3 it1000/4818 loss=42.390
ep3 it1100/4818 loss=42.553
ep3 it1200/4818 loss=79.070
ep3 it1300/4818 loss=29.935
ep3 it1400/4818 loss=48.085
ep3 it1500/4818 loss=80.993
ep3 it1600/4818 loss=15.841
ep3 it1700/4818 loss=61.375
ep3 it1800/4818 loss=37.404
ep3 it1900/4818 loss=51.642
ep3 it2000/4818 loss=56.762
ep3 it2100/4818 loss=88.611
ep3 it2200/4818 loss=39.476
ep3 it2300/4818 loss=69.039
ep3 it2400/4818 loss=27.473
ep3 it2500/4818 loss=44.948
ep3 it2600/4818 loss=40.637
ep3 it2700/4818 loss=30.536
ep3 it2800/4818 loss=65.761
ep3 it2900/4818 loss=23.834
ep3 it3000/4818 loss=67.373
ep3 it3100/4818 loss=124.174
ep3 it3200/4818 loss=31.518
ep3 it3300/4818 loss=33.046
ep3 it3400/4818 loss=30.965
ep3 it3500/4818 loss=34.565
ep3 it3600/4818 loss=74.669
ep3 it3700/4818 loss=130.800
ep3 it3800/4818 loss=25.269
ep3 it3900/4818 loss=56.188
ep3 it4000/4818 loss=49.309
ep3 it4100/4818 loss=39.812
ep3 it4200/4818 loss=60.892
ep3 it4300/4818 loss=52.823
ep3 it4400/4818 loss=26.661
ep3 it4500/4818 loss=50.975
ep3 it4600/4818 loss=38.564
ep3 it4700/4818 loss=61.353
ep3 it4800/4818 loss=48.503
== ep3 val_loss=52.2587 ==
  nuevo mejor (52.2587) -> best.pth
ep4 it0/4818 loss=30.165
ep4 it100/4818 loss=71.940
ep4 it200/4818 loss=34.309
ep4 it300/4818 loss=30.291
ep4 it400/4818 loss=49.974
ep4 it500/4818 loss=23.459
ep4 it600/4818 loss=36.324
ep4 it700/4818 loss=90.215
ep4 it800/4818 loss=58.341
ep4 it900/4818 loss=46.745
ep4 it1000/4818 loss=43.227
ep4 it1100/4818 loss=40.817
ep4 it1200/4818 loss=30.600
ep4 it1300/4818 loss=42.383
ep4 it1400/4818 loss=37.293
ep4 it1500/4818 loss=25.659
ep4 it1600/4818 loss=95.633
ep4 it1700/4818 loss=60.580
ep4 it1800/4818 loss=42.417
ep4 it1900/4818 loss=122.813
ep4 it2000/4818 loss=41.647
ep4 it2100/4818 loss=20.436
ep4 it2200/4818 loss=44.113
ep4 it2300/4818 loss=53.780
ep4 it2400/4818 loss=27.395
ep4 it2500/4818 loss=32.582
ep4 it2600/4818 loss=16.805
ep4 it2700/4818 loss=19.703
ep4 it2800/4818 loss=25.529
ep4 it2900/4818 loss=39.732
ep4 it3000/4818 loss=37.099
ep4 it3100/4818 loss=56.206
ep4 it3200/4818 loss=16.976
ep4 it3300/4818 loss=57.343
ep4 it3400/4818 loss=35.346
ep4 it3500/4818 loss=19.861
ep4 it3600/4818 loss=74.618
ep4 it3700/4818 loss=94.534
ep4 it3800/4818 loss=23.240
ep4 it3900/4818 loss=26.172
ep4 it4000/4818 loss=85.269
ep4 it4100/4818 loss=33.938
ep4 it4200/4818 loss=63.273
ep4 it4300/4818 loss=22.253
ep4 it4400/4818 loss=13.642
ep4 it4500/4818 loss=49.105
ep4 it4600/4818 loss=25.666
ep4 it4700/4818 loss=36.852
ep4 it4800/4818 loss=13.538
== ep4 val_loss=53.0838 ==
ep5 it0/4818 loss=29.668
ep5 it100/4818 loss=9.526
ep5 it200/4818 loss=39.328
ep5 it300/4818 loss=22.203
ep5 it400/4818 loss=64.706
ep5 it500/4818 loss=46.615
ep5 it600/4818 loss=19.651
ep5 it700/4818 loss=25.096
ep5 it800/4818 loss=10.726
ep5 it900/4818 loss=14.697
ep5 it1000/4818 loss=22.777
ep5 it1100/4818 loss=62.718
ep5 it1200/4818 loss=47.119
ep5 it1300/4818 loss=38.327
ep5 it1400/4818 loss=76.901
ep5 it1500/4818 loss=70.764
ep5 it1600/4818 loss=82.579
ep5 it1700/4818 loss=67.015
ep5 it1800/4818 loss=26.638
ep5 it1900/4818 loss=64.340
ep5 it2000/4818 loss=35.770
ep5 it2100/4818 loss=21.435
ep5 it2200/4818 loss=16.890
ep5 it2300/4818 loss=35.147
ep5 it2400/4818 loss=46.363
ep5 it2500/4818 loss=41.789
ep5 it2600/4818 loss=27.003
ep5 it2700/4818 loss=45.810
ep5 it2800/4818 loss=47.812
ep5 it2900/4818 loss=119.810
ep5 it3000/4818 loss=58.179
ep5 it3100/4818 loss=38.413
ep5 it3200/4818 loss=63.544
ep5 it3300/4818 loss=117.531
ep5 it3400/4818 loss=84.342
ep5 it3500/4818 loss=63.601
ep5 it3600/4818 loss=78.116
ep5 it3700/4818 loss=76.860
ep5 it3800/4818 loss=69.269
ep5 it3900/4818 loss=36.249
ep5 it4000/4818 loss=27.683
ep5 it4100/4818 loss=14.483
ep5 it4200/4818 loss=72.406
ep5 it4300/4818 loss=30.969
ep5 it4400/4818 loss=36.802
ep5 it4500/4818 loss=41.525
ep5 it4600/4818 loss=55.686
ep5 it4700/4818 loss=22.789
ep5 it4800/4818 loss=46.763
== ep5 val_loss=54.2094 ==
ep6 it0/4818 loss=28.706
ep6 it100/4818 loss=5.976
ep6 it200/4818 loss=22.645
ep6 it300/4818 loss=88.385
ep6 it400/4818 loss=15.359
ep6 it500/4818 loss=67.063
ep6 it600/4818 loss=48.995
ep6 it700/4818 loss=21.768
ep6 it800/4818 loss=11.449
ep6 it900/4818 loss=28.838
ep6 it1000/4818 loss=22.953
ep6 it1100/4818 loss=19.761
ep6 it1200/4818 loss=47.396
ep6 it1300/4818 loss=19.915
ep6 it1400/4818 loss=24.527
ep6 it1500/4818 loss=36.023
ep6 it1600/4818 loss=50.464
ep6 it1700/4818 loss=17.680
ep6 it1800/4818 loss=31.559
ep6 it1900/4818 loss=40.686
ep6 it2000/4818 loss=55.106
ep6 it2100/4818 loss=65.613
ep6 it2200/4818 loss=47.610
ep6 it2300/4818 loss=38.933
ep6 it2400/4818 loss=37.410
ep6 it2500/4818 loss=63.725
ep6 it2600/4818 loss=11.691
ep6 it2700/4818 loss=15.512
ep6 it2800/4818 loss=39.926
ep6 it2900/4818 loss=13.808
ep6 it3000/4818 loss=61.793
ep6 it3100/4818 loss=93.005
ep6 it3200/4818 loss=27.641
ep6 it3300/4818 loss=13.217
ep6 it3400/4818 loss=73.432
ep6 it3500/4818 loss=84.129
ep6 it3600/4818 loss=24.508
ep6 it3700/4818 loss=52.868
ep6 it3800/4818 loss=23.147
ep6 it3900/4818 loss=16.544
ep6 it4000/4818 loss=111.322
ep6 it4100/4818 loss=59.797
ep6 it4200/4818 loss=28.210
ep6 it4300/4818 loss=40.939
ep6 it4400/4818 loss=24.443
ep6 it4500/4818 loss=31.710
ep6 it4600/4818 loss=26.088
ep6 it4700/4818 loss=15.294
ep6 it4800/4818 loss=8.030
== ep6 val_loss=54.9702 ==
ep7 it0/4818 loss=11.854
ep7 it100/4818 loss=24.062
ep7 it200/4818 loss=84.958
ep7 it300/4818 loss=19.400
ep7 it400/4818 loss=69.503
ep7 it500/4818 loss=48.371
ep7 it600/4818 loss=7.603
ep7 it700/4818 loss=14.852
ep7 it800/4818 loss=54.557
ep7 it900/4818 loss=5.471
ep7 it1000/4818 loss=32.803
ep7 it1100/4818 loss=30.267
ep7 it1200/4818 loss=23.435
ep7 it1300/4818 loss=6.014
ep7 it1400/4818 loss=37.047
ep7 it1500/4818 loss=12.371
ep7 it1600/4818 loss=4.830
ep7 it1700/4818 loss=93.863
ep7 it1800/4818 loss=14.894
ep7 it1900/4818 loss=42.821
ep7 it2000/4818 loss=51.677
ep7 it2100/4818 loss=47.105
ep7 it2200/4818 loss=35.804
ep7 it2300/4818 loss=25.210
ep7 it2400/4818 loss=38.862
ep7 it2500/4818 loss=50.648
ep7 it2600/4818 loss=18.587
ep7 it2700/4818 loss=104.480
ep7 it2800/4818 loss=58.279
ep7 it2900/4818 loss=65.823
ep7 it3000/4818 loss=34.963
ep7 it3100/4818 loss=29.260
ep7 it3200/4818 loss=21.189
ep7 it3300/4818 loss=51.432
ep7 it3400/4818 loss=63.349
ep7 it3500/4818 loss=22.572
ep7 it3600/4818 loss=29.907
ep7 it3700/4818 loss=43.271
ep7 it3800/4818 loss=37.757
ep7 it3900/4818 loss=19.178
ep7 it4000/4818 loss=33.913
ep7 it4100/4818 loss=44.898
ep7 it4200/4818 loss=48.380
ep7 it4300/4818 loss=54.438
ep7 it4400/4818 loss=5.861
ep7 it4500/4818 loss=13.847
ep7 it4600/4818 loss=74.420
ep7 it4700/4818 loss=52.323
ep7 it4800/4818 loss=38.487
== ep7 val_loss=55.6117 ==
ep8 it0/4818 loss=40.966
ep8 it100/4818 loss=12.220
ep8 it200/4818 loss=23.438
ep8 it300/4818 loss=23.537
ep8 it400/4818 loss=28.044
ep8 it500/4818 loss=16.880
ep8 it600/4818 loss=37.854
ep8 it700/4818 loss=38.562
ep8 it800/4818 loss=31.531
ep8 it900/4818 loss=49.763
ep8 it1000/4818 loss=3.405
ep8 it1100/4818 loss=18.127
ep8 it1200/4818 loss=33.017
ep8 it1300/4818 loss=18.569
ep8 it1400/4818 loss=82.310
ep8 it1500/4818 loss=77.773
ep8 it1600/4818 loss=27.207
ep8 it1700/4818 loss=21.791
ep8 it1800/4818 loss=7.994
ep8 it1900/4818 loss=9.556
ep8 it2000/4818 loss=82.047
ep8 it2100/4818 loss=48.851
ep8 it2200/4818 loss=29.877
ep8 it2300/4818 loss=23.201
ep8 it2400/4818 loss=30.055
ep8 it2500/4818 loss=11.783
ep8 it2600/4818 loss=9.684
ep8 it2700/4818 loss=62.539
ep8 it2800/4818 loss=12.462
ep8 it2900/4818 loss=18.358
ep8 it3000/4818 loss=21.493
ep8 it3100/4818 loss=5.791
ep8 it3200/4818 loss=37.642
ep8 it3300/4818 loss=50.646
ep8 it3400/4818 loss=28.359
ep8 it3500/4818 loss=14.242
ep8 it3600/4818 loss=57.239
ep8 it3700/4818 loss=30.679
ep8 it3800/4818 loss=9.273
ep8 it3900/4818 loss=26.503
ep8 it4000/4818 loss=32.028
ep8 it4100/4818 loss=136.363
ep8 it4200/4818 loss=63.336
ep8 it4300/4818 loss=80.846
