Failed to import Flash Attention, using ESPnet default: No module named 'flash_attn'
train=8048  val=466  batch=1  device=cuda
ep1 it0/8048 loss=48.644
ep1 it100/8048 loss=83.754
ep1 it200/8048 loss=78.261
ep1 it300/8048 loss=24.478
ep1 it400/8048 loss=43.816
ep1 it500/8048 loss=47.594
ep1 it600/8048 loss=171.986
ep1 it700/8048 loss=86.507
ep1 it800/8048 loss=36.145
ep1 it900/8048 loss=73.384
ep1 it1000/8048 loss=112.763
ep1 it1100/8048 loss=76.824
ep1 it1200/8048 loss=38.818
ep1 it1300/8048 loss=220.002
ep1 it1400/8048 loss=57.677
ep1 it1500/8048 loss=59.303
ep1 it1600/8048 loss=50.791
ep1 it1700/8048 loss=106.856
ep1 it1800/8048 loss=60.351
ep1 it1900/8048 loss=95.781
ep1 it2000/8048 loss=62.929
ep1 it2100/8048 loss=37.508
ep1 it2200/8048 loss=42.222
ep1 it2300/8048 loss=213.164
ep1 it2400/8048 loss=39.848
ep1 it2500/8048 loss=114.663
ep1 it2600/8048 loss=74.544
ep1 it2700/8048 loss=89.919
ep1 it2800/8048 loss=154.946
ep1 it2900/8048 loss=65.566
ep1 it3000/8048 loss=92.022
ep1 it3100/8048 loss=88.511
ep1 it3200/8048 loss=52.000
ep1 it3300/8048 loss=41.106
ep1 it3400/8048 loss=56.861
ep1 it3500/8048 loss=36.995
ep1 it3600/8048 loss=70.995
ep1 it3700/8048 loss=21.524
ep1 it3800/8048 loss=76.465
ep1 it3900/8048 loss=65.961
ep1 it4000/8048 loss=41.859
ep1 it4100/8048 loss=109.808
ep1 it4200/8048 loss=50.154
ep1 it4300/8048 loss=242.285
ep1 it4400/8048 loss=41.500
ep1 it4500/8048 loss=60.917
ep1 it4600/8048 loss=37.746
ep1 it4700/8048 loss=38.470
ep1 it4800/8048 loss=90.633
ep1 it4900/8048 loss=124.989
ep1 it5000/8048 loss=81.954
ep1 it5100/8048 loss=63.932
ep1 it5200/8048 loss=31.866
ep1 it5300/8048 loss=219.026
ep1 it5400/8048 loss=107.097
ep1 it5500/8048 loss=196.407
ep1 it5600/8048 loss=100.883
ep1 it5700/8048 loss=62.482
ep1 it5800/8048 loss=66.832
ep1 it5900/8048 loss=45.223
ep1 it6000/8048 loss=32.415
ep1 it6100/8048 loss=82.384
ep1 it6200/8048 loss=83.769
ep1 it6300/8048 loss=43.485
ep1 it6400/8048 loss=39.245
ep1 it6500/8048 loss=140.530
ep1 it6600/8048 loss=74.740
ep1 it6700/8048 loss=52.033
ep1 it6800/8048 loss=75.216
ep1 it6900/8048 loss=55.861
ep1 it7000/8048 loss=42.698
ep1 it7100/8048 loss=74.457
ep1 it7200/8048 loss=71.661
ep1 it7300/8048 loss=59.891
ep1 it7400/8048 loss=35.902
ep1 it7500/8048 loss=109.807
ep1 it7600/8048 loss=33.741
ep1 it7700/8048 loss=78.417
ep1 it7800/8048 loss=57.057
ep1 it7900/8048 loss=66.634
ep1 it8000/8048 loss=32.517
/home/fedegutman/miniconda3/envs/vsr-factors/lib/python3.8/site-packages/espnet2/asr/espnet_model.py:402: FutureWarning: `torch.cuda.amp.autocast(args...)` is deprecated. Please use `torch.amp.autocast('cuda', args...)` instead.
  with autocast(self.autocast_frontend, dtype=autocast_type):
== ep1 val_loss=52.6600 ==
  nuevo mejor (52.6600) -> best.pth
ep2 it0/8048 loss=21.179
ep2 it100/8048 loss=87.528
ep2 it200/8048 loss=69.660
ep2 it300/8048 loss=101.198
ep2 it400/8048 loss=262.898
ep2 it500/8048 loss=25.480
ep2 it600/8048 loss=40.323
ep2 it700/8048 loss=62.009
ep2 it800/8048 loss=35.768
ep2 it900/8048 loss=124.573
ep2 it1000/8048 loss=61.630
ep2 it1100/8048 loss=56.020
ep2 it1200/8048 loss=37.440
ep2 it1300/8048 loss=119.603
ep2 it1400/8048 loss=61.632
ep2 it1500/8048 loss=46.309
ep2 it1600/8048 loss=42.083
ep2 it1700/8048 loss=17.169
ep2 it1800/8048 loss=147.489
ep2 it1900/8048 loss=77.485
ep2 it2000/8048 loss=57.262
ep2 it2100/8048 loss=57.540
ep2 it2200/8048 loss=57.387
ep2 it2300/8048 loss=29.919
ep2 it2400/8048 loss=90.010
ep2 it2500/8048 loss=103.010
ep2 it2600/8048 loss=58.707
ep2 it2700/8048 loss=76.776
ep2 it2800/8048 loss=41.164
ep2 it2900/8048 loss=181.237
ep2 it3000/8048 loss=43.803
ep2 it3100/8048 loss=60.402
ep2 it3200/8048 loss=68.997
ep2 it3300/8048 loss=38.467
ep2 it3400/8048 loss=16.804
ep2 it3500/8048 loss=46.958
ep2 it3600/8048 loss=44.070
ep2 it3700/8048 loss=43.537
ep2 it3800/8048 loss=63.282
ep2 it3900/8048 loss=81.322
ep2 it4000/8048 loss=47.992
ep2 it4100/8048 loss=90.029
ep2 it4200/8048 loss=14.220
ep2 it4300/8048 loss=193.225
ep2 it4400/8048 loss=45.973
ep2 it4500/8048 loss=72.609
ep2 it4600/8048 loss=102.633
ep2 it4700/8048 loss=453.855
ep2 it4800/8048 loss=44.259
ep2 it4900/8048 loss=54.943
ep2 it5000/8048 loss=48.137
ep2 it5100/8048 loss=52.648
ep2 it5200/8048 loss=168.177
ep2 it5300/8048 loss=60.530
ep2 it5400/8048 loss=41.511
ep2 it5500/8048 loss=76.545
ep2 it5600/8048 loss=58.510
ep2 it5700/8048 loss=77.293
ep2 it5800/8048 loss=65.909
ep2 it5900/8048 loss=20.510
ep2 it6000/8048 loss=60.592
ep2 it6100/8048 loss=29.294
ep2 it6200/8048 loss=56.910
ep2 it6300/8048 loss=52.482
ep2 it6400/8048 loss=85.197
ep2 it6500/8048 loss=43.641
ep2 it6600/8048 loss=31.912
ep2 it6700/8048 loss=24.710
ep2 it6800/8048 loss=49.675
ep2 it6900/8048 loss=76.166
ep2 it7000/8048 loss=61.865
ep2 it7100/8048 loss=28.559
ep2 it7200/8048 loss=79.798
ep2 it7300/8048 loss=50.261
ep2 it7400/8048 loss=56.779
ep2 it7500/8048 loss=96.441
ep2 it7600/8048 loss=64.518
ep2 it7700/8048 loss=59.411
ep2 it7800/8048 loss=54.065
ep2 it7900/8048 loss=118.122
ep2 it8000/8048 loss=45.648
== ep2 val_loss=51.0740 ==
  nuevo mejor (51.0740) -> best.pth
ep3 it0/8048 loss=86.533
ep3 it100/8048 loss=45.763
ep3 it200/8048 loss=68.815
ep3 it300/8048 loss=67.883
ep3 it400/8048 loss=63.740
ep3 it500/8048 loss=93.162
ep3 it600/8048 loss=88.522
ep3 it700/8048 loss=76.567
ep3 it800/8048 loss=84.050
ep3 it900/8048 loss=30.401
ep3 it1000/8048 loss=70.878
ep3 it1100/8048 loss=45.077
ep3 it1200/8048 loss=85.801
ep3 it1300/8048 loss=23.845
ep3 it1400/8048 loss=169.455
ep3 it1500/8048 loss=115.022
ep3 it1600/8048 loss=142.168
ep3 it1700/8048 loss=31.211
ep3 it1800/8048 loss=39.910
ep3 it1900/8048 loss=90.268
ep3 it2000/8048 loss=33.941
ep3 it2100/8048 loss=49.055
ep3 it2200/8048 loss=105.210
ep3 it2300/8048 loss=35.043
ep3 it2400/8048 loss=53.200
ep3 it2500/8048 loss=69.702
ep3 it2600/8048 loss=22.408
ep3 it2700/8048 loss=64.266
ep3 it2800/8048 loss=72.839
ep3 it2900/8048 loss=30.532
ep3 it3000/8048 loss=49.884
ep3 it3100/8048 loss=69.234
ep3 it3200/8048 loss=63.831
ep3 it3300/8048 loss=57.825
ep3 it3400/8048 loss=47.443
ep3 it3500/8048 loss=63.536
ep3 it3600/8048 loss=85.924
ep3 it3700/8048 loss=58.601
ep3 it3800/8048 loss=124.315
ep3 it3900/8048 loss=114.573
ep3 it4000/8048 loss=20.777
ep3 it4100/8048 loss=48.370
ep3 it4200/8048 loss=50.168
ep3 it4300/8048 loss=26.883
ep3 it4400/8048 loss=76.943
ep3 it4500/8048 loss=57.097
ep3 it4600/8048 loss=37.461
ep3 it4700/8048 loss=32.829
ep3 it4800/8048 loss=43.409
ep3 it4900/8048 loss=84.827
ep3 it5000/8048 loss=33.861
ep3 it5100/8048 loss=20.154
ep3 it5200/8048 loss=61.996
ep3 it5300/8048 loss=124.533
ep3 it5400/8048 loss=58.262
ep3 it5500/8048 loss=20.661
ep3 it5600/8048 loss=52.445
ep3 it5700/8048 loss=21.966
ep3 it5800/8048 loss=129.076
ep3 it5900/8048 loss=128.589
ep3 it6000/8048 loss=29.444
ep3 it6100/8048 loss=42.809
ep3 it6200/8048 loss=22.740
ep3 it6300/8048 loss=74.449
ep3 it6400/8048 loss=38.701
ep3 it6500/8048 loss=59.505
ep3 it6600/8048 loss=32.200
ep3 it6700/8048 loss=21.056
ep3 it6800/8048 loss=106.945
ep3 it6900/8048 loss=31.204
ep3 it7000/8048 loss=76.616
ep3 it7100/8048 loss=21.678
ep3 it7200/8048 loss=41.549
ep3 it7300/8048 loss=108.022
ep3 it7400/8048 loss=118.359
ep3 it7500/8048 loss=72.285
ep3 it7600/8048 loss=60.740
ep3 it7700/8048 loss=68.954
ep3 it7800/8048 loss=35.153
ep3 it7900/8048 loss=79.533
ep3 it8000/8048 loss=53.178
== ep3 val_loss=51.4908 ==
ep4 it0/8048 loss=41.318
ep4 it100/8048 loss=22.755
ep4 it200/8048 loss=122.537
ep4 it300/8048 loss=41.358
ep4 it400/8048 loss=51.569
ep4 it500/8048 loss=30.637
ep4 it600/8048 loss=54.321
ep4 it700/8048 loss=107.860
ep4 it800/8048 loss=44.812
ep4 it900/8048 loss=30.134
ep4 it1000/8048 loss=27.600
ep4 it1100/8048 loss=82.929
ep4 it1200/8048 loss=59.674
ep4 it1300/8048 loss=45.595
ep4 it1400/8048 loss=32.021
ep4 it1500/8048 loss=178.041
ep4 it1600/8048 loss=49.163
ep4 it1700/8048 loss=71.322
ep4 it1800/8048 loss=107.570
ep4 it1900/8048 loss=46.147
ep4 it2000/8048 loss=109.001
ep4 it2100/8048 loss=194.262
ep4 it2200/8048 loss=45.037
ep4 it2300/8048 loss=34.092
ep4 it2400/8048 loss=40.614
ep4 it2500/8048 loss=45.780
ep4 it2600/8048 loss=39.548
ep4 it2700/8048 loss=35.307
ep4 it2800/8048 loss=85.498
ep4 it2900/8048 loss=129.321
ep4 it3000/8048 loss=92.813
ep4 it3100/8048 loss=116.303
ep4 it3200/8048 loss=45.776
ep4 it3300/8048 loss=42.644
ep4 it3400/8048 loss=52.235
ep4 it3500/8048 loss=29.693
ep4 it3600/8048 loss=80.312
ep4 it3700/8048 loss=41.499
ep4 it3800/8048 loss=10.653
ep4 it3900/8048 loss=44.991
ep4 it4000/8048 loss=20.659
ep4 it4100/8048 loss=44.881
ep4 it4200/8048 loss=18.097
ep4 it4300/8048 loss=18.983
ep4 it4400/8048 loss=25.412
ep4 it4500/8048 loss=99.273
ep4 it4600/8048 loss=42.894
ep4 it4700/8048 loss=47.409
ep4 it4800/8048 loss=35.728
ep4 it4900/8048 loss=35.155
ep4 it5000/8048 loss=134.444
ep4 it5100/8048 loss=16.362
ep4 it5200/8048 loss=88.717
ep4 it5300/8048 loss=41.892
ep4 it5400/8048 loss=98.716
ep4 it5500/8048 loss=45.895
ep4 it5600/8048 loss=155.972
ep4 it5700/8048 loss=101.749
ep4 it5800/8048 loss=11.545
ep4 it5900/8048 loss=64.147
ep4 it6000/8048 loss=51.261
ep4 it6100/8048 loss=53.099
ep4 it6200/8048 loss=22.422
ep4 it6300/8048 loss=53.659
ep4 it6400/8048 loss=37.141
ep4 it6500/8048 loss=30.592
ep4 it6600/8048 loss=11.415
ep4 it6700/8048 loss=10.030
ep4 it6800/8048 loss=48.837
ep4 it6900/8048 loss=94.726
ep4 it7000/8048 loss=35.969
ep4 it7100/8048 loss=67.198
ep4 it7200/8048 loss=29.090
ep4 it7300/8048 loss=91.882
ep4 it7400/8048 loss=75.472
ep4 it7500/8048 loss=93.448
ep4 it7600/8048 loss=124.925
ep4 it7700/8048 loss=76.219
ep4 it7800/8048 loss=43.071
ep4 it7900/8048 loss=44.817
ep4 it8000/8048 loss=17.798
== ep4 val_loss=52.0171 ==
ep5 it0/8048 loss=108.362
ep5 it100/8048 loss=55.478
ep5 it200/8048 loss=57.836
ep5 it300/8048 loss=28.170
ep5 it400/8048 loss=129.895
ep5 it500/8048 loss=81.739
ep5 it600/8048 loss=25.084
ep5 it700/8048 loss=61.804
ep5 it800/8048 loss=21.139
ep5 it900/8048 loss=25.311
ep5 it1000/8048 loss=92.749
ep5 it1100/8048 loss=48.854
ep5 it1200/8048 loss=51.382
ep5 it1300/8048 loss=72.440
ep5 it1400/8048 loss=110.183
ep5 it1500/8048 loss=7.647
ep5 it1600/8048 loss=160.919
ep5 it1700/8048 loss=59.544
ep5 it1800/8048 loss=80.456
ep5 it1900/8048 loss=25.441
ep5 it2000/8048 loss=85.137
ep5 it2100/8048 loss=45.515
ep5 it2200/8048 loss=30.051
ep5 it2300/8048 loss=37.677
ep5 it2400/8048 loss=32.824
ep5 it2500/8048 loss=29.316
ep5 it2600/8048 loss=36.625
ep5 it2700/8048 loss=68.316
ep5 it2800/8048 loss=33.574
ep5 it2900/8048 loss=76.168
ep5 it3000/8048 loss=12.264
ep5 it3100/8048 loss=61.744
ep5 it3200/8048 loss=119.646
ep5 it3300/8048 loss=21.631
ep5 it3400/8048 loss=111.086
ep5 it3500/8048 loss=29.929
ep5 it3600/8048 loss=42.538
ep5 it3700/8048 loss=41.419
ep5 it3800/8048 loss=56.848
ep5 it3900/8048 loss=60.526
ep5 it4000/8048 loss=56.196
ep5 it4100/8048 loss=68.628
ep5 it4200/8048 loss=31.018
ep5 it4300/8048 loss=25.419
ep5 it4400/8048 loss=35.886
ep5 it4500/8048 loss=23.915
ep5 it4600/8048 loss=138.702
ep5 it4700/8048 loss=65.148
ep5 it4800/8048 loss=28.992
ep5 it4900/8048 loss=13.024
ep5 it5000/8048 loss=18.348
ep5 it5100/8048 loss=68.279
ep5 it5200/8048 loss=35.545
ep5 it5300/8048 loss=53.463
ep5 it5400/8048 loss=45.389
ep5 it5500/8048 loss=22.398
ep5 it5600/8048 loss=50.014
ep5 it5700/8048 loss=26.782
ep5 it5800/8048 loss=39.298
ep5 it5900/8048 loss=27.978
ep5 it6000/8048 loss=58.853
ep5 it6100/8048 loss=74.027
ep5 it6200/8048 loss=109.807
ep5 it6300/8048 loss=76.554
ep5 it6400/8048 loss=137.911
ep5 it6500/8048 loss=26.382
ep5 it6600/8048 loss=51.966
ep5 it6700/8048 loss=66.097
ep5 it6800/8048 loss=71.570
ep5 it6900/8048 loss=21.951
ep5 it7000/8048 loss=70.823
ep5 it7100/8048 loss=21.596
ep5 it7200/8048 loss=24.096
ep5 it7300/8048 loss=30.525
ep5 it7400/8048 loss=63.365
ep5 it7500/8048 loss=43.666
ep5 it7600/8048 loss=74.521
ep5 it7700/8048 loss=27.337
ep5 it7800/8048 loss=25.581
ep5 it7900/8048 loss=32.442
ep5 it8000/8048 loss=77.031
== ep5 val_loss=53.5626 ==
ep6 it0/8048 loss=53.732
ep6 it100/8048 loss=11.980
ep6 it200/8048 loss=58.656
ep6 it300/8048 loss=37.474
ep6 it400/8048 loss=41.784
ep6 it500/8048 loss=72.733
ep6 it600/8048 loss=52.159
ep6 it700/8048 loss=21.075
ep6 it800/8048 loss=49.852
ep6 it900/8048 loss=66.202
ep6 it1000/8048 loss=43.986
ep6 it1100/8048 loss=36.835
ep6 it1200/8048 loss=48.778
ep6 it1300/8048 loss=23.804
ep6 it1400/8048 loss=32.539
ep6 it1500/8048 loss=67.001
ep6 it1600/8048 loss=127.301
ep6 it1700/8048 loss=24.261
ep6 it1800/8048 loss=71.420
ep6 it1900/8048 loss=11.573
ep6 it2000/8048 loss=70.925
ep6 it2100/8048 loss=7.636
ep6 it2200/8048 loss=27.714
ep6 it2300/8048 loss=21.035
ep6 it2400/8048 loss=125.110
ep6 it2500/8048 loss=41.685
ep6 it2600/8048 loss=35.524
ep6 it2700/8048 loss=18.644
ep6 it2800/8048 loss=40.180
ep6 it2900/8048 loss=24.563
ep6 it3000/8048 loss=47.229
ep6 it3100/8048 loss=33.296
ep6 it3200/8048 loss=65.105
ep6 it3300/8048 loss=29.942
ep6 it3400/8048 loss=50.484
ep6 it3500/8048 loss=91.558
ep6 it3600/8048 loss=48.019
ep6 it3700/8048 loss=40.481
ep6 it3800/8048 loss=111.059
ep6 it3900/8048 loss=40.650
ep6 it4000/8048 loss=39.685
ep6 it4100/8048 loss=103.119
ep6 it4200/8048 loss=89.853
ep6 it4300/8048 loss=24.388
ep6 it4400/8048 loss=73.779
ep6 it4500/8048 loss=107.357
ep6 it4600/8048 loss=41.696
ep6 it4700/8048 loss=37.737
ep6 it4800/8048 loss=29.704
ep6 it4900/8048 loss=37.477
ep6 it5000/8048 loss=72.459
ep6 it5100/8048 loss=76.159
ep6 it5200/8048 loss=37.497
ep6 it5300/8048 loss=42.891
ep6 it5400/8048 loss=42.668
ep6 it5500/8048 loss=7.364
ep6 it5600/8048 loss=86.794
ep6 it5700/8048 loss=70.253
ep6 it5800/8048 loss=29.075
ep6 it5900/8048 loss=76.715
ep6 it6000/8048 loss=41.372
ep6 it6100/8048 loss=22.428
ep6 it6200/8048 loss=70.758
ep6 it6300/8048 loss=25.117
ep6 it6400/8048 loss=44.504
ep6 it6500/8048 loss=25.850
ep6 it6600/8048 loss=57.643
ep6 it6700/8048 loss=45.251
ep6 it6800/8048 loss=83.528
ep6 it6900/8048 loss=76.381
ep6 it7000/8048 loss=36.226
ep6 it7100/8048 loss=17.025
ep6 it7200/8048 loss=22.106
ep6 it7300/8048 loss=18.217
ep6 it7400/8048 loss=20.026
ep6 it7500/8048 loss=28.521
ep6 it7600/8048 loss=67.971
ep6 it7700/8048 loss=25.462
ep6 it7800/8048 loss=75.494
ep6 it7900/8048 loss=49.843
ep6 it8000/8048 loss=36.010
== ep6 val_loss=53.8428 ==
ep7 it0/8048 loss=17.286
ep7 it100/8048 loss=70.078
ep7 it200/8048 loss=137.142
ep7 it300/8048 loss=125.047
ep7 it400/8048 loss=100.889
ep7 it500/8048 loss=23.514
ep7 it600/8048 loss=71.796
ep7 it700/8048 loss=51.332
ep7 it800/8048 loss=24.143
ep7 it900/8048 loss=121.624
ep7 it1000/8048 loss=36.342
ep7 it1100/8048 loss=36.653
ep7 it1200/8048 loss=70.037
ep7 it1300/8048 loss=42.280
ep7 it1400/8048 loss=56.782
ep7 it1500/8048 loss=24.624
ep7 it1600/8048 loss=34.911
ep7 it1700/8048 loss=79.989
ep7 it1800/8048 loss=23.047
ep7 it1900/8048 loss=18.087
ep7 it2000/8048 loss=51.449
ep7 it2100/8048 loss=34.366
ep7 it2200/8048 loss=19.273
ep7 it2300/8048 loss=24.727
ep7 it2400/8048 loss=35.569
ep7 it2500/8048 loss=138.393
ep7 it2600/8048 loss=44.897
ep7 it2700/8048 loss=54.894
ep7 it2800/8048 loss=4.433
ep7 it2900/8048 loss=44.065
ep7 it3000/8048 loss=78.038
ep7 it3100/8048 loss=49.836
ep7 it3200/8048 loss=55.350
ep7 it3300/8048 loss=66.381
ep7 it3400/8048 loss=25.010
ep7 it3500/8048 loss=69.334
ep7 it3600/8048 loss=13.303
ep7 it3700/8048 loss=17.661
ep7 it3800/8048 loss=35.547
ep7 it3900/8048 loss=33.559
ep7 it4000/8048 loss=23.110
ep7 it4100/8048 loss=42.789
ep7 it4200/8048 loss=19.739
ep7 it4300/8048 loss=45.210
ep7 it4400/8048 loss=122.516
ep7 it4500/8048 loss=126.100
ep7 it4600/8048 loss=14.733
ep7 it4700/8048 loss=37.264
ep7 it4800/8048 loss=11.076
ep7 it4900/8048 loss=11.809
ep7 it5000/8048 loss=23.469
ep7 it5100/8048 loss=41.445
ep7 it5200/8048 loss=16.208
ep7 it5300/8048 loss=18.491
ep7 it5400/8048 loss=80.963
ep7 it5500/8048 loss=46.962
ep7 it5600/8048 loss=41.475
ep7 it5700/8048 loss=30.306
ep7 it5800/8048 loss=31.467
ep7 it5900/8048 loss=15.307
ep7 it6000/8048 loss=25.971
ep7 it6100/8048 loss=53.366
ep7 it6200/8048 loss=97.906
ep7 it6300/8048 loss=28.108
ep7 it6400/8048 loss=37.679
ep7 it6500/8048 loss=143.299
ep7 it6600/8048 loss=27.194
ep7 it6700/8048 loss=47.692
ep7 it6800/8048 loss=44.478
ep7 it6900/8048 loss=61.674
ep7 it7000/8048 loss=166.286
ep7 it7100/8048 loss=51.348
ep7 it7200/8048 loss=135.120
ep7 it7300/8048 loss=66.250
ep7 it7400/8048 loss=55.560
ep7 it7500/8048 loss=10.771
ep7 it7600/8048 loss=61.123
ep7 it7700/8048 loss=86.084
ep7 it7800/8048 loss=38.492
ep7 it7900/8048 loss=27.169
ep7 it8000/8048 loss=31.197
== ep7 val_loss=54.8820 ==
early stopping (sin mejora hace 5 epochs)

Listo. Mejor val_loss=51.0740. best.pth en vsr_models/runs/ft03. Evaluar WER con vsr_main.py sobre el split test.
