Failed to import Flash Attention, using ESPnet default: No module named 'flash_attn'
[augment] train: RandomCrop(88)+HFlip(0.5); val/test: CenterCrop(88)
[freeze] 'frontend': 60 params congelados
train=8048  val=466  batch=1  device=cuda
ep1 it0/8048 loss=53.654
ep1 it100/8048 loss=125.402
ep1 it200/8048 loss=86.070
ep1 it300/8048 loss=78.919
ep1 it400/8048 loss=45.299
ep1 it500/8048 loss=131.371
ep1 it600/8048 loss=75.315
ep1 it700/8048 loss=42.863
ep1 it800/8048 loss=39.110
ep1 it900/8048 loss=30.533
ep1 it1000/8048 loss=161.271
ep1 it1100/8048 loss=98.428
ep1 it1200/8048 loss=75.310
ep1 it1300/8048 loss=85.097
ep1 it1400/8048 loss=39.019
ep1 it1500/8048 loss=131.887
ep1 it1600/8048 loss=57.006
ep1 it1700/8048 loss=49.420
ep1 it1800/8048 loss=60.871
ep1 it1900/8048 loss=95.783
ep1 it2000/8048 loss=96.320
ep1 it2100/8048 loss=35.483
ep1 it2200/8048 loss=201.182
ep1 it2300/8048 loss=32.898
ep1 it2400/8048 loss=117.092
ep1 it2500/8048 loss=92.188
ep1 it2600/8048 loss=40.808
ep1 it2700/8048 loss=55.330
ep1 it2800/8048 loss=28.160
ep1 it2900/8048 loss=32.767
ep1 it3000/8048 loss=82.539
ep1 it3100/8048 loss=51.165
ep1 it3200/8048 loss=168.966
ep1 it3300/8048 loss=84.488
ep1 it3400/8048 loss=72.966
ep1 it3500/8048 loss=94.686
ep1 it3600/8048 loss=52.887
ep1 it3700/8048 loss=106.485
ep1 it3800/8048 loss=49.470
ep1 it3900/8048 loss=52.425
ep1 it4000/8048 loss=60.636
ep1 it4100/8048 loss=56.283
ep1 it4200/8048 loss=32.711
ep1 it4300/8048 loss=22.406
ep1 it4400/8048 loss=37.363
ep1 it4500/8048 loss=102.880
ep1 it4600/8048 loss=62.686
ep1 it4700/8048 loss=167.915
ep1 it4800/8048 loss=47.237
ep1 it4900/8048 loss=76.927
ep1 it5000/8048 loss=76.851
ep1 it5100/8048 loss=168.720
ep1 it5200/8048 loss=169.451
ep1 it5300/8048 loss=82.319
ep1 it5400/8048 loss=55.563
ep1 it5500/8048 loss=75.955
ep1 it5600/8048 loss=151.659
ep1 it5700/8048 loss=148.441
ep1 it5800/8048 loss=63.949
ep1 it5900/8048 loss=56.462
ep1 it6000/8048 loss=61.428
ep1 it6100/8048 loss=50.167
ep1 it6200/8048 loss=81.644
ep1 it6300/8048 loss=66.534
ep1 it6400/8048 loss=105.994
ep1 it6500/8048 loss=127.524
ep1 it6600/8048 loss=97.324
ep1 it6700/8048 loss=17.821
ep1 it6800/8048 loss=124.046
ep1 it6900/8048 loss=57.989
ep1 it7000/8048 loss=27.509
ep1 it7100/8048 loss=128.795
ep1 it7200/8048 loss=33.846
ep1 it7300/8048 loss=30.882
ep1 it7400/8048 loss=29.262
ep1 it7500/8048 loss=49.455
ep1 it7600/8048 loss=142.153
ep1 it7700/8048 loss=92.103
ep1 it7800/8048 loss=51.598
ep1 it7900/8048 loss=29.091
ep1 it8000/8048 loss=38.967
/home/fedegutman/miniconda3/envs/vsr-factors/lib/python3.8/site-packages/espnet2/asr/espnet_model.py:402: FutureWarning: `torch.cuda.amp.autocast(args...)` is deprecated. Please use `torch.amp.autocast('cuda', args...)` instead.
  with autocast(self.autocast_frontend, dtype=autocast_type):
== ep1 val_loss=54.2609 ==
  nuevo mejor (54.2609) -> best.pth
ep2 it0/8048 loss=128.877
ep2 it100/8048 loss=30.915
ep2 it200/8048 loss=40.904
ep2 it300/8048 loss=66.135
ep2 it400/8048 loss=83.556
ep2 it500/8048 loss=29.118
ep2 it600/8048 loss=43.061
ep2 it700/8048 loss=62.701
ep2 it800/8048 loss=52.010
ep2 it900/8048 loss=52.289
ep2 it1000/8048 loss=38.128
ep2 it1100/8048 loss=62.945
ep2 it1200/8048 loss=49.224
ep2 it1300/8048 loss=80.717
ep2 it1400/8048 loss=21.432
ep2 it1500/8048 loss=60.170
ep2 it1600/8048 loss=43.492
ep2 it1700/8048 loss=71.475
ep2 it1800/8048 loss=33.207
ep2 it1900/8048 loss=58.574
ep2 it2000/8048 loss=48.492
ep2 it2100/8048 loss=50.244
ep2 it2200/8048 loss=32.602
ep2 it2300/8048 loss=186.243
ep2 it2400/8048 loss=38.317
ep2 it2500/8048 loss=62.088
ep2 it2600/8048 loss=37.841
ep2 it2700/8048 loss=42.133
ep2 it2800/8048 loss=96.528
ep2 it2900/8048 loss=35.079
ep2 it3000/8048 loss=44.739
ep2 it3100/8048 loss=35.486
ep2 it3200/8048 loss=54.523
ep2 it3300/8048 loss=48.456
ep2 it3400/8048 loss=24.025
ep2 it3500/8048 loss=38.194
ep2 it3600/8048 loss=51.328
ep2 it3700/8048 loss=48.671
ep2 it3800/8048 loss=108.866
ep2 it3900/8048 loss=140.508
ep2 it4000/8048 loss=168.451
ep2 it4100/8048 loss=28.859
ep2 it4200/8048 loss=100.864
ep2 it4300/8048 loss=40.227
ep2 it4400/8048 loss=54.570
ep2 it4500/8048 loss=88.149
ep2 it4600/8048 loss=139.648
ep2 it4700/8048 loss=73.477
ep2 it4800/8048 loss=48.208
ep2 it4900/8048 loss=65.540
ep2 it5000/8048 loss=35.885
ep2 it5100/8048 loss=105.820
ep2 it5200/8048 loss=43.895
ep2 it5300/8048 loss=132.962
ep2 it5400/8048 loss=81.288
ep2 it5500/8048 loss=51.081
ep2 it5600/8048 loss=47.938
ep2 it5700/8048 loss=127.753
ep2 it5800/8048 loss=66.396
ep2 it5900/8048 loss=48.186
ep2 it6000/8048 loss=111.845
ep2 it6100/8048 loss=41.954
ep2 it6200/8048 loss=149.022
ep2 it6300/8048 loss=93.734
ep2 it6400/8048 loss=78.349
ep2 it6500/8048 loss=71.978
ep2 it6600/8048 loss=146.454
ep2 it6700/8048 loss=63.217
ep2 it6800/8048 loss=54.519
ep2 it6900/8048 loss=56.430
ep2 it7000/8048 loss=51.158
ep2 it7100/8048 loss=56.616
ep2 it7200/8048 loss=98.277
ep2 it7300/8048 loss=30.194
ep2 it7400/8048 loss=65.190
ep2 it7500/8048 loss=81.558
ep2 it7600/8048 loss=45.675
ep2 it7700/8048 loss=52.913
ep2 it7800/8048 loss=51.964
ep2 it7900/8048 loss=123.083
ep2 it8000/8048 loss=76.975
== ep2 val_loss=52.4030 ==
  nuevo mejor (52.4030) -> best.pth
ep3 it0/8048 loss=54.540
ep3 it100/8048 loss=104.426
ep3 it200/8048 loss=17.214
ep3 it300/8048 loss=92.864
ep3 it400/8048 loss=66.409
ep3 it500/8048 loss=75.028
ep3 it600/8048 loss=40.044
ep3 it700/8048 loss=84.284
ep3 it800/8048 loss=54.421
ep3 it900/8048 loss=30.134
ep3 it1000/8048 loss=73.413
ep3 it1100/8048 loss=69.071
ep3 it1200/8048 loss=33.184
ep3 it1300/8048 loss=41.795
ep3 it1400/8048 loss=55.608
ep3 it1500/8048 loss=69.181
ep3 it1600/8048 loss=14.156
ep3 it1700/8048 loss=62.414
ep3 it1800/8048 loss=76.572
ep3 it1900/8048 loss=73.922
ep3 it2000/8048 loss=123.831
ep3 it2100/8048 loss=74.151
ep3 it2200/8048 loss=75.787
ep3 it2300/8048 loss=43.872
ep3 it2400/8048 loss=35.177
ep3 it2500/8048 loss=84.925
ep3 it2600/8048 loss=111.553
ep3 it2700/8048 loss=45.734
ep3 it2800/8048 loss=51.895
ep3 it2900/8048 loss=25.482
ep3 it3000/8048 loss=73.415
ep3 it3100/8048 loss=35.337
ep3 it3200/8048 loss=29.061
ep3 it3300/8048 loss=35.814
ep3 it3400/8048 loss=109.366
ep3 it3500/8048 loss=61.940
ep3 it3600/8048 loss=54.647
ep3 it3700/8048 loss=26.928
ep3 it3800/8048 loss=104.993
ep3 it3900/8048 loss=64.848
ep3 it4000/8048 loss=95.427
ep3 it4100/8048 loss=61.631
ep3 it4200/8048 loss=103.860
ep3 it4300/8048 loss=44.226
ep3 it4400/8048 loss=64.044
ep3 it4500/8048 loss=61.687
ep3 it4600/8048 loss=14.551
ep3 it4700/8048 loss=39.773
ep3 it4800/8048 loss=98.515
ep3 it4900/8048 loss=93.338
ep3 it5000/8048 loss=81.800
ep3 it5100/8048 loss=46.130
ep3 it5200/8048 loss=20.123
ep3 it5300/8048 loss=28.571
ep3 it5400/8048 loss=49.355
ep3 it5500/8048 loss=40.010
ep3 it5600/8048 loss=45.379
ep3 it5700/8048 loss=43.922
ep3 it5800/8048 loss=36.778
ep3 it5900/8048 loss=51.234
ep3 it6000/8048 loss=32.372
ep3 it6100/8048 loss=51.203
ep3 it6200/8048 loss=39.528
ep3 it6300/8048 loss=40.431
ep3 it6400/8048 loss=73.691
ep3 it6500/8048 loss=81.333
ep3 it6600/8048 loss=29.238
ep3 it6700/8048 loss=103.849
ep3 it6800/8048 loss=73.318
ep3 it6900/8048 loss=52.905
ep3 it7000/8048 loss=55.760
ep3 it7100/8048 loss=76.889
ep3 it7200/8048 loss=51.343
ep3 it7300/8048 loss=123.491
ep3 it7400/8048 loss=47.310
ep3 it7500/8048 loss=33.844
ep3 it7600/8048 loss=36.755
ep3 it7700/8048 loss=99.015
ep3 it7800/8048 loss=102.139
ep3 it7900/8048 loss=36.284
ep3 it8000/8048 loss=30.410
== ep3 val_loss=52.0917 ==
  nuevo mejor (52.0917) -> best.pth
ep4 it0/8048 loss=42.792
ep4 it100/8048 loss=75.843
ep4 it200/8048 loss=60.171
ep4 it300/8048 loss=65.208
ep4 it400/8048 loss=62.771
ep4 it500/8048 loss=71.113
ep4 it600/8048 loss=48.186
ep4 it700/8048 loss=19.609
ep4 it800/8048 loss=67.418
ep4 it900/8048 loss=22.205
ep4 it1000/8048 loss=63.101
ep4 it1100/8048 loss=55.067
ep4 it1200/8048 loss=178.191
ep4 it1300/8048 loss=206.029
ep4 it1400/8048 loss=20.366
ep4 it1500/8048 loss=96.111
ep4 it1600/8048 loss=76.954
ep4 it1700/8048 loss=67.550
ep4 it1800/8048 loss=67.748
ep4 it1900/8048 loss=30.722
ep4 it2000/8048 loss=48.821
ep4 it2100/8048 loss=113.066
ep4 it2200/8048 loss=16.661
ep4 it2300/8048 loss=24.080
ep4 it2400/8048 loss=32.626
ep4 it2500/8048 loss=65.174
ep4 it2600/8048 loss=74.444
ep4 it2700/8048 loss=32.769
ep4 it2800/8048 loss=151.445
ep4 it2900/8048 loss=45.844
ep4 it3000/8048 loss=42.429
ep4 it3100/8048 loss=49.004
ep4 it3200/8048 loss=48.809
ep4 it3300/8048 loss=81.456
ep4 it3400/8048 loss=99.591
ep4 it3500/8048 loss=65.991
ep4 it3600/8048 loss=99.589
ep4 it3700/8048 loss=57.084
ep4 it3800/8048 loss=56.933
ep4 it3900/8048 loss=46.794
ep4 it4000/8048 loss=83.208
ep4 it4100/8048 loss=117.864
ep4 it4200/8048 loss=62.878
ep4 it4300/8048 loss=24.803
ep4 it4400/8048 loss=42.254
ep4 it4500/8048 loss=39.820
ep4 it4600/8048 loss=53.883
ep4 it4700/8048 loss=31.450
ep4 it4800/8048 loss=117.901
ep4 it4900/8048 loss=91.913
ep4 it5000/8048 loss=54.717
ep4 it5100/8048 loss=62.973
ep4 it5200/8048 loss=180.013
ep4 it5300/8048 loss=65.725
ep4 it5400/8048 loss=38.258
ep4 it5500/8048 loss=25.656
ep4 it5600/8048 loss=148.582
ep4 it5700/8048 loss=122.821
ep4 it5800/8048 loss=83.392
ep4 it5900/8048 loss=24.226
ep4 it6000/8048 loss=29.643
ep4 it6100/8048 loss=41.168
ep4 it6200/8048 loss=25.984
ep4 it6300/8048 loss=41.717
ep4 it6400/8048 loss=59.742
ep4 it6500/8048 loss=57.701
ep4 it6600/8048 loss=60.379
ep4 it6700/8048 loss=67.685
ep4 it6800/8048 loss=59.683
ep4 it6900/8048 loss=24.263
ep4 it7000/8048 loss=96.485
ep4 it7100/8048 loss=14.733
ep4 it7200/8048 loss=20.345
ep4 it7300/8048 loss=44.899
ep4 it7400/8048 loss=44.049
ep4 it7500/8048 loss=114.418
ep4 it7600/8048 loss=54.518
ep4 it7700/8048 loss=59.353
ep4 it7800/8048 loss=50.075
ep4 it7900/8048 loss=43.969
ep4 it8000/8048 loss=41.971
== ep4 val_loss=52.8711 ==
ep5 it0/8048 loss=98.880
ep5 it100/8048 loss=31.197
ep5 it200/8048 loss=48.275
ep5 it300/8048 loss=128.599
ep5 it400/8048 loss=23.852
ep5 it500/8048 loss=45.081
ep5 it600/8048 loss=11.523
ep5 it700/8048 loss=76.254
ep5 it800/8048 loss=49.538
ep5 it900/8048 loss=42.786
ep5 it1000/8048 loss=53.069
ep5 it1100/8048 loss=92.941
ep5 it1200/8048 loss=29.895
ep5 it1300/8048 loss=33.893
ep5 it1400/8048 loss=47.097
ep5 it1500/8048 loss=64.562
ep5 it1600/8048 loss=44.171
ep5 it1700/8048 loss=138.098
ep5 it1800/8048 loss=78.612
ep5 it1900/8048 loss=21.309
ep5 it2000/8048 loss=25.510
ep5 it2100/8048 loss=35.619
ep5 it2200/8048 loss=84.818
ep5 it2300/8048 loss=41.553
ep5 it2400/8048 loss=58.124
ep5 it2500/8048 loss=84.768
ep5 it2600/8048 loss=24.110
ep5 it2700/8048 loss=68.987
ep5 it2800/8048 loss=141.677
ep5 it2900/8048 loss=38.054
ep5 it3000/8048 loss=39.480
ep5 it3100/8048 loss=53.911
ep5 it3200/8048 loss=29.425
ep5 it3300/8048 loss=63.243
ep5 it3400/8048 loss=61.703
ep5 it3500/8048 loss=33.727
ep5 it3600/8048 loss=73.734
ep5 it3700/8048 loss=87.382
ep5 it3800/8048 loss=63.350
ep5 it3900/8048 loss=19.783
ep5 it4000/8048 loss=46.278
ep5 it4100/8048 loss=93.493
ep5 it4200/8048 loss=94.012
ep5 it4300/8048 loss=33.602
ep5 it4400/8048 loss=43.814
ep5 it4500/8048 loss=30.484
ep5 it4600/8048 loss=23.277
ep5 it4700/8048 loss=28.658
ep5 it4800/8048 loss=21.844
ep5 it4900/8048 loss=54.637
ep5 it5000/8048 loss=48.900
ep5 it5100/8048 loss=36.438
ep5 it5200/8048 loss=21.368
ep5 it5300/8048 loss=28.836
ep5 it5400/8048 loss=18.224
ep5 it5500/8048 loss=28.309
ep5 it5600/8048 loss=49.535
ep5 it5700/8048 loss=17.915
ep5 it5800/8048 loss=47.722
ep5 it5900/8048 loss=70.108
ep5 it6000/8048 loss=116.701
ep5 it6100/8048 loss=57.408
ep5 it6200/8048 loss=28.036
ep5 it6300/8048 loss=199.268
ep5 it6400/8048 loss=19.235
ep5 it6500/8048 loss=37.977
ep5 it6600/8048 loss=100.220
ep5 it6700/8048 loss=58.190
ep5 it6800/8048 loss=11.009
ep5 it6900/8048 loss=275.577
ep5 it7000/8048 loss=80.256
ep5 it7100/8048 loss=54.714
ep5 it7200/8048 loss=77.321
ep5 it7300/8048 loss=35.383
ep5 it7400/8048 loss=30.664
ep5 it7500/8048 loss=30.375
ep5 it7600/8048 loss=42.889
ep5 it7700/8048 loss=61.693
ep5 it7800/8048 loss=54.356
ep5 it7900/8048 loss=42.402
ep5 it8000/8048 loss=26.383
== ep5 val_loss=53.1884 ==
ep6 it0/8048 loss=70.118
ep6 it100/8048 loss=18.707
ep6 it200/8048 loss=77.199
ep6 it300/8048 loss=44.764
ep6 it400/8048 loss=76.809
ep6 it500/8048 loss=29.305
ep6 it600/8048 loss=18.400
ep6 it700/8048 loss=47.916
ep6 it800/8048 loss=63.009
ep6 it900/8048 loss=26.306
ep6 it1000/8048 loss=70.509
ep6 it1100/8048 loss=57.962
ep6 it1200/8048 loss=96.345
ep6 it1300/8048 loss=28.024
ep6 it1400/8048 loss=29.015
ep6 it1500/8048 loss=71.989
ep6 it1600/8048 loss=67.448
ep6 it1700/8048 loss=44.229
ep6 it1800/8048 loss=53.103
ep6 it1900/8048 loss=43.831
ep6 it2000/8048 loss=29.237
ep6 it2100/8048 loss=87.744
ep6 it2200/8048 loss=74.865
ep6 it2300/8048 loss=58.921
ep6 it2400/8048 loss=42.787
ep6 it2500/8048 loss=51.430
ep6 it2600/8048 loss=74.252
ep6 it2700/8048 loss=130.834
ep6 it2800/8048 loss=45.350
ep6 it2900/8048 loss=82.873
ep6 it3000/8048 loss=77.399
ep6 it3100/8048 loss=86.871
ep6 it3200/8048 loss=66.502
ep6 it3300/8048 loss=8.814
ep6 it3400/8048 loss=31.421
ep6 it3500/8048 loss=68.863
ep6 it3600/8048 loss=168.646
ep6 it3700/8048 loss=61.252
ep6 it3800/8048 loss=34.356
ep6 it3900/8048 loss=21.959
ep6 it4000/8048 loss=18.756
ep6 it4100/8048 loss=30.202
ep6 it4200/8048 loss=134.827
ep6 it4300/8048 loss=75.728
ep6 it4400/8048 loss=60.769
ep6 it4500/8048 loss=61.021
ep6 it4600/8048 loss=26.227
ep6 it4700/8048 loss=93.457
ep6 it4800/8048 loss=73.564
ep6 it4900/8048 loss=29.403
ep6 it5000/8048 loss=50.191
ep6 it5100/8048 loss=46.066
ep6 it5200/8048 loss=27.723
ep6 it5300/8048 loss=29.679
ep6 it5400/8048 loss=113.671
ep6 it5500/8048 loss=59.275
ep6 it5600/8048 loss=52.347
ep6 it5700/8048 loss=60.809
ep6 it5800/8048 loss=136.618
ep6 it5900/8048 loss=82.313
ep6 it6000/8048 loss=71.475
ep6 it6100/8048 loss=20.018
ep6 it6200/8048 loss=42.403
ep6 it6300/8048 loss=31.272
ep6 it6400/8048 loss=106.630
ep6 it6500/8048 loss=56.767
ep6 it6600/8048 loss=70.151
ep6 it6700/8048 loss=54.050
ep6 it6800/8048 loss=49.700
ep6 it6900/8048 loss=95.562
ep6 it7000/8048 loss=18.214
ep6 it7100/8048 loss=40.121
ep6 it7200/8048 loss=80.006
ep6 it7300/8048 loss=70.353
ep6 it7400/8048 loss=53.597
ep6 it7500/8048 loss=29.401
ep6 it7600/8048 loss=163.906
ep6 it7700/8048 loss=29.956
ep6 it7800/8048 loss=135.420
ep6 it7900/8048 loss=68.474
ep6 it8000/8048 loss=17.498
== ep6 val_loss=53.1404 ==
ep7 it0/8048 loss=19.376
ep7 it100/8048 loss=55.764
ep7 it200/8048 loss=25.745
ep7 it300/8048 loss=107.887
ep7 it400/8048 loss=60.204
ep7 it500/8048 loss=68.073
ep7 it600/8048 loss=26.437
ep7 it700/8048 loss=24.719
ep7 it800/8048 loss=142.591
ep7 it900/8048 loss=54.355
ep7 it1000/8048 loss=46.539
ep7 it1100/8048 loss=45.455
ep7 it1200/8048 loss=33.087
ep7 it1300/8048 loss=31.410
ep7 it1400/8048 loss=67.799
ep7 it1500/8048 loss=53.643
ep7 it1600/8048 loss=129.709
ep7 it1700/8048 loss=42.464
ep7 it1800/8048 loss=55.664
ep7 it1900/8048 loss=48.533
ep7 it2000/8048 loss=41.855
ep7 it2100/8048 loss=24.856
ep7 it2200/8048 loss=78.326
ep7 it2300/8048 loss=108.484
ep7 it2400/8048 loss=30.893
ep7 it2500/8048 loss=54.813
ep7 it2600/8048 loss=35.524
ep7 it2700/8048 loss=16.664
ep7 it2800/8048 loss=174.189
ep7 it2900/8048 loss=23.775
ep7 it3000/8048 loss=34.425
ep7 it3100/8048 loss=40.155
ep7 it3200/8048 loss=68.985
ep7 it3300/8048 loss=66.041
ep7 it3400/8048 loss=47.539
ep7 it3500/8048 loss=22.304
ep7 it3600/8048 loss=79.682
ep7 it3700/8048 loss=42.529
ep7 it3800/8048 loss=35.214
ep7 it3900/8048 loss=53.050
ep7 it4000/8048 loss=59.101
ep7 it4100/8048 loss=18.298
ep7 it4200/8048 loss=53.600
ep7 it4300/8048 loss=47.811
ep7 it4400/8048 loss=55.628
ep7 it4500/8048 loss=37.797
ep7 it4600/8048 loss=56.333
ep7 it4700/8048 loss=88.728
ep7 it4800/8048 loss=73.370
ep7 it4900/8048 loss=52.025
ep7 it5000/8048 loss=175.414
ep7 it5100/8048 loss=85.226
ep7 it5200/8048 loss=72.178
ep7 it5300/8048 loss=125.067
ep7 it5400/8048 loss=49.716
ep7 it5500/8048 loss=70.378
ep7 it5600/8048 loss=23.704
ep7 it5700/8048 loss=122.259
ep7 it5800/8048 loss=21.400
ep7 it5900/8048 loss=40.183
ep7 it6000/8048 loss=24.133
ep7 it6100/8048 loss=45.578
ep7 it6200/8048 loss=19.332
ep7 it6300/8048 loss=25.869
ep7 it6400/8048 loss=75.644
ep7 it6500/8048 loss=69.022
ep7 it6600/8048 loss=23.589
ep7 it6700/8048 loss=45.948
ep7 it6800/8048 loss=62.515
ep7 it6900/8048 loss=40.483
ep7 it7000/8048 loss=13.400
ep7 it7100/8048 loss=92.747
ep7 it7200/8048 loss=50.351
ep7 it7300/8048 loss=53.879
ep7 it7400/8048 loss=29.147
ep7 it7500/8048 loss=51.873
ep7 it7600/8048 loss=82.253
ep7 it7700/8048 loss=55.485
ep7 it7800/8048 loss=33.793
ep7 it7900/8048 loss=71.698
ep7 it8000/8048 loss=40.277
== ep7 val_loss=53.9071 ==
ep8 it0/8048 loss=74.359
ep8 it100/8048 loss=34.403
ep8 it200/8048 loss=48.368
ep8 it300/8048 loss=134.827
ep8 it400/8048 loss=77.451
ep8 it500/8048 loss=84.539
ep8 it600/8048 loss=8.346
ep8 it700/8048 loss=46.928
ep8 it800/8048 loss=22.635
ep8 it900/8048 loss=24.752
ep8 it1000/8048 loss=140.063
ep8 it1100/8048 loss=111.516
ep8 it1200/8048 loss=89.146
ep8 it1300/8048 loss=38.111
ep8 it1400/8048 loss=10.773
ep8 it1500/8048 loss=13.077
ep8 it1600/8048 loss=82.545
ep8 it1700/8048 loss=106.884
ep8 it1800/8048 loss=39.175
ep8 it1900/8048 loss=72.882
ep8 it2000/8048 loss=44.974
ep8 it2100/8048 loss=33.123
ep8 it2200/8048 loss=59.871
ep8 it2300/8048 loss=25.989
ep8 it2400/8048 loss=30.025
ep8 it2500/8048 loss=60.190
ep8 it2600/8048 loss=41.979
ep8 it2700/8048 loss=24.654
ep8 it2800/8048 loss=26.440
ep8 it2900/8048 loss=61.594
ep8 it3000/8048 loss=40.822
ep8 it3100/8048 loss=13.657
ep8 it3200/8048 loss=15.402
ep8 it3300/8048 loss=40.571
ep8 it3400/8048 loss=40.541
ep8 it3500/8048 loss=56.752
ep8 it3600/8048 loss=55.958
ep8 it3700/8048 loss=88.145
ep8 it3800/8048 loss=8.048
ep8 it3900/8048 loss=69.136
ep8 it4000/8048 loss=18.656
ep8 it4100/8048 loss=79.289
ep8 it4200/8048 loss=180.337
ep8 it4300/8048 loss=56.868
ep8 it4400/8048 loss=22.929
ep8 it4500/8048 loss=41.253
ep8 it4600/8048 loss=35.975
ep8 it4700/8048 loss=103.359
ep8 it4800/8048 loss=26.997
ep8 it4900/8048 loss=47.401
ep8 it5000/8048 loss=78.057
ep8 it5100/8048 loss=51.862
ep8 it5200/8048 loss=54.575
ep8 it5300/8048 loss=36.836
ep8 it5400/8048 loss=40.637
ep8 it5500/8048 loss=33.784
ep8 it5600/8048 loss=47.060
ep8 it5700/8048 loss=87.783
ep8 it5800/8048 loss=24.861
ep8 it5900/8048 loss=55.730
ep8 it6000/8048 loss=53.820
ep8 it6100/8048 loss=32.519
ep8 it6200/8048 loss=54.979
ep8 it6300/8048 loss=35.860
ep8 it6400/8048 loss=45.556
ep8 it6500/8048 loss=53.397
ep8 it6600/8048 loss=28.862
ep8 it6700/8048 loss=86.417
ep8 it6800/8048 loss=41.234
ep8 it6900/8048 loss=40.420
ep8 it7000/8048 loss=103.702
ep8 it7100/8048 loss=65.627
ep8 it7200/8048 loss=30.890
ep8 it7300/8048 loss=40.852
ep8 it7400/8048 loss=111.480
ep8 it7500/8048 loss=58.894
ep8 it7600/8048 loss=21.056
ep8 it7700/8048 loss=72.098
ep8 it7800/8048 loss=72.328
ep8 it7900/8048 loss=31.212
ep8 it8000/8048 loss=73.751
== ep8 val_loss=54.5127 ==
early stopping (sin mejora hace 5 epochs)

Listo. Mejor val_loss=52.0917. best.pth en vsr_models/runs/ft04. Evaluar WER con vsr_main.py sobre el split test.
